<?xml version="1.0" encoding="UTF-8"?>
<!-- Generated by org.testng.reporters.JUnitXMLReporter -->
<testsuite hostname="DESKTOP-SUTN4C1" name="LearningTest" tests="7" failures="0" timestamp="22 Aug 2020 10:45:41 GMT" time="43.656" errors="0">
  <testcase name="fnLogin" time="8.015" classname="MyFrameWork.Libertytax"/>
  <testcase name="fnCreateLiveReturnForSSN" time="3.002" classname="MyFrameWork.Libertytax"/>
  <testcase name="fnCreateTaxPayerInformation" time="3.002" classname="MyFrameWork.Libertytax"/>
  <testcase name="fnCreateTaxPayerAddress" time="2.002" classname="MyFrameWork.Libertytax"/>
  <testcase name="fnSubmitDisclosure" time="2.003" classname="MyFrameWork.Libertytax"/>
  <testcase name="fnSubmitIncomeOption" time="3.001" classname="MyFrameWork.Libertytax"/>
  <testcase name="fnFormSave" time="5.003" classname="MyFrameWork.Libertytax"/>
</testsuite> <!-- LearningTest -->
